<?xml version="1.0" encoding="UTF-8"?>
<testng-results ignored="0" total="2" passed="2" failed="0" skipped="0">
  <reporter-output>
  </reporter-output>
  <suite started-at="2024-03-16T19:00:12 IST" name="Suite" finished-at="2024-03-16T19:00:28 IST" duration-ms="16206">
    <groups>
    </groups>
    <test started-at="2024-03-16T19:00:12 IST" name="Test" finished-at="2024-03-16T19:00:28 IST" duration-ms="16206">
      <class name="TestCaseFile.TestCase23">
        <test-method is-config="true" signature="browserlaunch()[pri:0, instance:TestCaseFile.TestCase23@49e53c76]" started-at="2024-03-16T19:00:14 IST" name="browserlaunch" finished-at="2024-03-16T19:00:18 IST" duration-ms="3849" status="PASS">
          <reporter-output>
          </reporter-output>
        </test-method> <!-- browserlaunch -->
        <test-method signature="loginPage(java.lang.String,java.lang.String)[pri:0, instance:TestCaseFile.TestCase23@49e53c76]" started-at="2024-03-16T19:00:18 IST" name="loginPage" data-provider="Datapro" finished-at="2024-03-16T19:00:23 IST" duration-ms="4729" status="PASS">
          <params>
            <param index="0">
              <value>
                <![CDATA[student]]>
              </value>
            </param>
            <param index="1">
              <value>
                <![CDATA[Password123]]>
              </value>
            </param>
          </params>
          <reporter-output>
          </reporter-output>
        </test-method> <!-- loginPage -->
        <test-method is-config="true" signature="browserlaunch()[pri:0, instance:TestCaseFile.TestCase23@49e53c76]" started-at="2024-03-16T19:00:23 IST" name="browserlaunch" finished-at="2024-03-16T19:00:25 IST" duration-ms="1860" status="PASS">
          <reporter-output>
          </reporter-output>
        </test-method> <!-- browserlaunch -->
        <test-method signature="loginPage(java.lang.String,java.lang.String)[pri:0, instance:TestCaseFile.TestCase23@49e53c76]" started-at="2024-03-16T19:00:25 IST" name="loginPage" data-provider="Datapro" finished-at="2024-03-16T19:00:28 IST" duration-ms="3352" status="PASS">
          <params>
            <param index="0">
              <value>
                <![CDATA[college]]>
              </value>
            </param>
            <param index="1">
              <value>
                <![CDATA[new@123]]>
              </value>
            </param>
          </params>
          <reporter-output>
          </reporter-output>
        </test-method> <!-- loginPage -->
        <test-method is-config="true" signature="closeUp()[pri:0, instance:TestCaseFile.TestCase23@49e53c76]" started-at="2024-03-16T19:00:28 IST" name="closeUp" finished-at="2024-03-16T19:00:28 IST" duration-ms="468" status="PASS">
          <reporter-output>
          </reporter-output>
        </test-method> <!-- closeUp -->
      </class> <!-- TestCaseFile.TestCase23 -->
    </test> <!-- Test -->
  </suite> <!-- Suite -->
</testng-results>
